<?xml version="1.0" encoding="UTF-8"?>
<!-- Generated by org.testng.reporters.JUnitReportReporter -->
<testsuite hostname="TL0054" failures="0" tests="1" name="test.api.salesforce.TC002_EditLead" time="0.653" errors="0" timestamp="2025-07-21T15:07:32 IST" skipped="0">
  <testcase classname="test.api.salesforce.TC002_EditLead" name="runCreateNewCase" time="0.653"/>
  <system-out/>
</testsuite> <!-- test.api.salesforce.TC002_EditLead -->
